     1                                  ;nothing yet
     2                                  
     3                                  %define STDIN 0
     4                                  %define STDOUT 1
     5                                  %define SYSCALL_EXIT  1
     6                                  %define SYSCALL_READ  3
     7                                  %define SYSCALL_WRITE 4
     8                                  %define STRLEN 32
     9                                  			SECTION .bss
    10 00000000 <res 00000040>          tempVal: resb 64					; value of char
    11 00000040 <res 00000020>          position: resb 32
    12 00000060 <res 00000020>          len:	resb 32
    13                                  			SECTION .text
    14                                      global prt_dec
    15                                  
    16                                  
    17                                  
    18                                  prt_dec:
    19 00000000 50                      	push 	eax
    20 00000001 53                      	push 	ebx
    21 00000002 51                      	push 	ecx
    22 00000003 52                      	push 	edx
    23 00000004 31C0                    	xor		eax,eax
    24 00000006 31DB                    	xor		ebx,ebx
    25 00000008 31C9                    	xor		ecx,ecx
    26                                  	
    27                                  
    28 0000000A 31D2                    	xor		edx,edx
    29 0000000C 8B442414                	mov		eax,[esp+20]			;getting our value
    30 00000010 BB0A000000              	mov		ebx,10					;divisor
    31 00000015 B900000000              	mov		ecx,0
    32 0000001A 890D[60000000]          	mov		[len],ecx				;making sure evreything is 0
    33                                  L1_sizeLoop:					;this loop simply finds the size of the int
    34 00000020 31D2                    	xor		edx,edx
    35 00000022 F7F3                    	div		ebx
    36 00000024 41                      	inc		ecx
    37 00000025 3D00000000              	cmp		eax,0
    38 0000002A 75F4                    	jne		L1_sizeLoop
    39                                  	
    40                                  	;mov		[len],ecx			;storing the size
    41                                  	
    42 0000002C 89C8                    	mov		eax,ecx
    43 0000002E BB04000000              	mov		ebx,4
    44 00000033 F7E3                    	mul		ebx
    45 00000035 89C1                    	mov		ecx,eax
    46 00000037 890D[60000000]          	mov		[len],ecx
    47 0000003D 8B442414                	mov		eax,[esp+20]
    48                                  L1_divLoop:
    49 00000041 31D2                    	xor		edx,edx
    50 00000043 BB0A000000              	mov		ebx,10					;divisor
    51                                  
    52                                  
    53                                  
    54                                  	
    55 00000048 F7F3                    	div		ebx					;dividing into eax and eadx
    56 0000004A 81C230000000            	add		edx,"0"				;making a printable int
    57                                  
    58 00000050 8991[FFFFFFFF]          	mov		[tempVal+ecx-1],edx	;putting the result into a string
    59                                  
    60 00000056 81E904000000            	sub 	ecx,4
    61 0000005C 81F900000000            	cmp		ecx,0
    62 00000062 75DD                    	jne		L1_divLoop
    63                                  	
    64 00000064 B804000000              	mov     eax, SYSCALL_WRITE      ; write message
    65 00000069 BB01000000                  mov     ebx, STDOUT
    66 0000006E B9[00000000]                mov     ecx, tempVal
    67 00000073 8B15[60000000]              mov     edx, [len]	; LF is a single character
    68 00000079 CD80                        int     080h
    69                                  	
    70 0000007B 5A                      	pop		edx
    71 0000007C 59                      	pop		ecx
    72 0000007D 5B                      	pop		ebx
    73 0000007E 58                      	pop		eax
    74 0000007F C3                      	ret
    75                                  
    76                                  	
    77                                  
